<?xml version="1.0" encoding="UTF-8"?>
<!-- Generated by org.testng.reporters.JUnitReportReporter -->
<testsuite hostname="INBook_X1" failures="0" tests="1" name="com.actitime.testscript.ActitimeUsingGeneric" time="12.748" errors="0" timestamp="2022-10-28T14:05:58 IST" skipped="0">
  <testcase classname="com.actitime.testscript.ActitimeUsingGeneric" name="login1" time="12.748"/>
  <system-out>
    <![CDATA[hi]]>
  </system-out>
</testsuite> <!-- com.actitime.testscript.ActitimeUsingGeneric -->
