<?xml version="1.0" encoding="UTF-8"?>
<!-- Generated by org.testng.reporters.JUnitReportReporter -->
<testsuite hostname="INBook_X1" failures="0" tests="1" name="com.actitime.testscript.ProjectModule" time="0.008" errors="0" timestamp="2022-10-28T13:29:09 IST" skipped="0">
  <testcase classname="com.actitime.testscript.ProjectModule" name="createProject" time="0.008"/>
  <system-out>
    <![CDATA[create Project]]>
  </system-out>
</testsuite> <!-- com.actitime.testscript.ProjectModule -->
