<?xml version="1.0" encoding="UTF-8"?>
<!-- Generated by org.testng.reporters.JUnitReportReporter -->
<testsuite hostname="INBook_X1" failures="0" tests="1" name="com.actitime.testscript.TestClass" time="30.478" errors="0" timestamp="2022-11-01T22:49:51 IST" skipped="0">
  <testcase classname="com.actitime.testscript.TestClass" name="testLogin" time="30.478"/>
  <system-out/>
</testsuite> <!-- com.actitime.testscript.TestClass -->
