<?xml version="1.0" encoding="UTF-8"?>
<!-- Generated by org.testng.reporters.JUnitReportReporter -->
<testsuite hostname="INBook_X1" failures="0" tests="1" name="com.actitime.testscript.TaskModule" time="0.001" errors="0" timestamp="2022-10-28T13:29:09 IST" skipped="0">
  <testcase classname="com.actitime.testscript.TaskModule" name="createTask" time="0.001"/>
  <system-out>
    <![CDATA[create task]]>
  </system-out>
</testsuite> <!-- com.actitime.testscript.TaskModule -->
