<?xml version="1.0" encoding="UTF-8"?>
<!-- Generated by org.testng.reporters.JUnitReportReporter -->
<testsuite hostname="INBook_X1" failures="0" tests="1" name="com.actitime.testscript.demo1testng" time="0.007" errors="0" timestamp="2022-10-21T13:17:17 IST" skipped="0">
  <testcase classname="com.actitime.testscript.demo1testng" name="testDemo" time="0.007"/>
  <system-out>
    <![CDATA[hiii]]>
  </system-out>
</testsuite> <!-- com.actitime.testscript.demo1testng -->
